e:\sourcecode\wxpchook\wechathook\debug\wechathook.pch
e:\sourcecode\wxpchook\wechathook\debug\vc141.pdb
e:\sourcecode\wxpchook\wechathook\debug\vc141.idb
e:\sourcecode\wxpchook\wechathook\debug\pch.obj
e:\sourcecode\wxpchook\wechathook\debug\wechathookdlg.obj
e:\sourcecode\wxpchook\wechathook\debug\wechathook.obj
e:\sourcecode\wxpchook\bin\wechathook.ilk
e:\sourcecode\wxpchook\bin\wechathook.exe
e:\sourcecode\wxpchook\bin\wechathook.pdb
e:\sourcecode\wxpchook\wechathook\debug\wechathook.res
e:\sourcecode\wxpchook\wechathook\..\bin/wechathook.exe
e:\sourcecode\wxpchook\wechathook\debug\wechathook.tlog\cl.command.1.tlog
e:\sourcecode\wxpchook\wechathook\debug\wechathook.tlog\cl.read.1.tlog
e:\sourcecode\wxpchook\wechathook\debug\wechathook.tlog\cl.write.1.tlog
e:\sourcecode\wxpchook\wechathook\debug\wechathook.tlog\link.command.1.tlog
e:\sourcecode\wxpchook\wechathook\debug\wechathook.tlog\link.read.1.tlog
e:\sourcecode\wxpchook\wechathook\debug\wechathook.tlog\link.write.1.tlog
e:\sourcecode\wxpchook\wechathook\debug\wechathook.tlog\rc.command.1.tlog
e:\sourcecode\wxpchook\wechathook\debug\wechathook.tlog\rc.read.1.tlog
e:\sourcecode\wxpchook\wechathook\debug\wechathook.tlog\rc.write.1.tlog
