e:\sourcecode\wxpchook\wxhook\release\wxhook.pch
e:\sourcecode\wxpchook\wxhook\release\vc141.pdb
e:\sourcecode\wxpchook\wxhook\release\pch.obj
e:\sourcecode\wxpchook\wxhook\release\hook.obj
e:\sourcecode\wxpchook\wxhook\release\dllmain.obj
e:\sourcecode\wxpchook\wxhook\release\dialog.obj
e:\sourcecode\wxpchook\release\wxhook.dll
e:\sourcecode\wxpchook\release\wxhook.pdb
e:\sourcecode\wxpchook\wxhook\release\wxhook.res
e:\sourcecode\wxpchook\release\wxhook.ipdb
e:\sourcecode\wxpchook\release\wxhook.iobj
e:\sourcecode\wxpchook\wxhook\release\wxhook.tlog\cl.command.1.tlog
e:\sourcecode\wxpchook\wxhook\release\wxhook.tlog\cl.read.1.tlog
e:\sourcecode\wxpchook\wxhook\release\wxhook.tlog\cl.write.1.tlog
e:\sourcecode\wxpchook\wxhook\release\wxhook.tlog\link.command.1.tlog
e:\sourcecode\wxpchook\wxhook\release\wxhook.tlog\link.read.1.tlog
e:\sourcecode\wxpchook\wxhook\release\wxhook.tlog\link.write.1.tlog
e:\sourcecode\wxpchook\wxhook\release\wxhook.tlog\rc.command.1.tlog
e:\sourcecode\wxpchook\wxhook\release\wxhook.tlog\rc.read.1.tlog
e:\sourcecode\wxpchook\wxhook\release\wxhook.tlog\rc.write.1.tlog
e:\sourcecode\wxpchook\wxhook\release\wxhook.tlog\wxhook.write.1u.tlog
