e:\sourcecode\wxpchook\wechathook\release\wechathook.pch
e:\sourcecode\wxpchook\wechathook\release\vc141.pdb
e:\sourcecode\wxpchook\wechathook\release\pch.obj
e:\sourcecode\wxpchook\wechathook\release\wechathookdlg.obj
e:\sourcecode\wxpchook\wechathook\release\wechathook.obj
e:\sourcecode\wxpchook\release\wechathook.exe
e:\sourcecode\wxpchook\release\wechathook.pdb
e:\sourcecode\wxpchook\wechathook\release\wechathook.res
e:\sourcecode\wxpchook\release\wechathook.ipdb
e:\sourcecode\wxpchook\release\wechathook.iobj
e:\sourcecode\wxpchook\wechathook\release\wechathook.tlog\cl.command.1.tlog
e:\sourcecode\wxpchook\wechathook\release\wechathook.tlog\cl.read.1.tlog
e:\sourcecode\wxpchook\wechathook\release\wechathook.tlog\cl.write.1.tlog
e:\sourcecode\wxpchook\wechathook\release\wechathook.tlog\link.command.1.tlog
e:\sourcecode\wxpchook\wechathook\release\wechathook.tlog\link.read.1.tlog
e:\sourcecode\wxpchook\wechathook\release\wechathook.tlog\link.write.1.tlog
e:\sourcecode\wxpchook\wechathook\release\wechathook.tlog\rc.command.1.tlog
e:\sourcecode\wxpchook\wechathook\release\wechathook.tlog\rc.read.1.tlog
e:\sourcecode\wxpchook\wechathook\release\wechathook.tlog\rc.write.1.tlog
e:\sourcecode\wxpchook\wechathook\release\wechathook.tlog\wechathook.write.1u.tlog
