e:\sourcecode\wxpchook\wxhook\debug\wxhook.pch
e:\sourcecode\wxpchook\wxhook\debug\vc141.pdb
e:\sourcecode\wxpchook\wxhook\debug\vc141.idb
e:\sourcecode\wxpchook\wxhook\debug\pch.obj
e:\sourcecode\wxpchook\wxhook\debug\hook.obj
e:\sourcecode\wxpchook\wxhook\debug\dllmain.obj
e:\sourcecode\wxpchook\wxhook\debug\dialog.obj
e:\sourcecode\wxpchook\bin\wxhook.ilk
e:\sourcecode\wxpchook\bin\wxhook.dll
e:\sourcecode\wxpchook\bin\wxhook.pdb
e:\sourcecode\wxpchook\wxhook\debug\wxhook.res
e:\sourcecode\wxpchook\wxhook\..\bin/wxhook.dll
e:\sourcecode\wxpchook\wxhook\debug\wxhook.tlog\cl.command.1.tlog
e:\sourcecode\wxpchook\wxhook\debug\wxhook.tlog\cl.read.1.tlog
e:\sourcecode\wxpchook\wxhook\debug\wxhook.tlog\cl.write.1.tlog
e:\sourcecode\wxpchook\wxhook\debug\wxhook.tlog\link.command.1.tlog
e:\sourcecode\wxpchook\wxhook\debug\wxhook.tlog\link.read.1.tlog
e:\sourcecode\wxpchook\wxhook\debug\wxhook.tlog\link.write.1.tlog
e:\sourcecode\wxpchook\wxhook\debug\wxhook.tlog\rc.command.1.tlog
e:\sourcecode\wxpchook\wxhook\debug\wxhook.tlog\rc.read.1.tlog
e:\sourcecode\wxpchook\wxhook\debug\wxhook.tlog\rc.write.1.tlog
